#
# A fatal error has been detected by the Java Runtime Environment:
#
#  Internal Error (javaCalls.cpp:51), pid=2464, tid=0x0000000000002864
#  guarantee(thread->is_Java_thread()) failed: crucial check - the VM thread cannot and must not escape to Java code
#
# JRE version: Java(TM) SE Runtime Environment (8.0_111-b14) (build 1.8.0_111-b14)
# Java VM: Java HotSpot(TM) 64-Bit Server VM (25.111-b14 mixed mode windows-amd64 compressed oops)
# Failed to write core dump. Minidumps are not enabled by default on client versions of Windows
#
# If you would like to submit a bug report, please visit:
#   http://bugreport.java.com/bugreport/crash.jsp
#

---------------  T H R E A D  ---------------

Current thread (0x0000000017a77800):  VMThread [stack: 0x0000000018b30000,0x0000000018c30000] [id=10340]

Stack: [0x0000000018b30000,0x0000000018c30000]
[error occurred during error reporting (printing stack bounds), id 0xc0000005]

Native frames: (J=compiled Java code, j=interpreted, Vv=VM code, C=native code)

VM_Operation (0x000000001954f5e0): GetOrSetLocal, mode: safepoint, requested by thread 0x0000000017abd000


---------------  P R O C E S S  ---------------

Java Threads: ( => current thread )
  0x0000000021a7d000 JavaThread "qtp990398217-437" [_thread_blocked, id=10296, stack(0x0000000001380000,0x0000000001480000)]
  0x000000001fffe800 JavaThread "qtp990398217-128 Acceptor0 SelectChannelConnector@0.0.0.0:8080" [_thread_in_native, id=11428, stack(0x000000002efa0000,0x000000002f0a0000)]
  0x000000001fffc800 JavaThread "qtp990398217-126 Selector0" [_thread_in_native, id=11316, stack(0x000000002eb30000,0x000000002ec30000)]
  0x000000001fffb800 JavaThread "pool-6-thread-1" [_thread_blocked, id=10300, stack(0x000000002ea30000,0x000000002eb30000)]
  0x000000001fff8800 JavaThread "com.mchange.v2.async.ThreadPoolAsynchronousRunner$PoolThread-#2" daemon [_thread_blocked, id=11944, stack(0x000000002e720000,0x000000002e820000)]
  0x000000001fff1000 JavaThread "com.mchange.v2.async.ThreadPoolAsynchronousRunner$PoolThread-#1" daemon [_thread_blocked, id=9780, stack(0x000000002e620000,0x000000002e720000)]
  0x000000001fff8000 JavaThread "com.mchange.v2.async.ThreadPoolAsynchronousRunner$PoolThread-#0" daemon [_thread_blocked, id=10412, stack(0x000000002cef0000,0x000000002cff0000)]
  0x000000001fff4000 JavaThread "Timer-5" daemon [_thread_blocked, id=8468, stack(0x000000002c390000,0x000000002c490000)]
  0x000000001fff6800 JavaThread "jrobin " daemon [_thread_blocked, id=6036, stack(0x0000000024c60000,0x0000000024d60000)]
  0x000000001fff2000 JavaThread "javamelody" daemon [_thread_blocked, id=9264, stack(0x0000000024790000,0x0000000024890000)]
  0x000000001fff7000 JavaThread "pool-5-thread-1" [_thread_blocked, id=2164, stack(0x0000000024290000,0x0000000024390000)]
  0x000000001daf8800 JavaThread "com.mchange.v2.async.ThreadPoolAsynchronousRunner$PoolThread-#2" daemon [_thread_blocked, id=2488, stack(0x0000000020f60000,0x0000000021060000)]
  0x000000001daf7800 JavaThread "com.mchange.v2.async.ThreadPoolAsynchronousRunner$PoolThread-#1" daemon [_thread_blocked, id=7424, stack(0x000000001ee60000,0x000000001ef60000)]
  0x000000001daf0000 JavaThread "com.mchange.v2.async.ThreadPoolAsynchronousRunner$PoolThread-#0" daemon [_thread_blocked, id=11652, stack(0x000000001ae30000,0x000000001af30000)]
  0x000000001daf3000 JavaThread "Timer-3" daemon [_thread_blocked, id=10428, stack(0x0000000001480000,0x0000000001580000)]
  0x000000001daee800 JavaThread "HashSessionScavenger-1" daemon [_thread_blocked, id=10676, stack(0x0000000001280000,0x0000000001380000)]
  0x000000001ffff800 JavaThread "DestroyJavaVM" [_thread_blocked, id=11212, stack(0x0000000002d50000,0x0000000002e50000)]
  0x000000001a411000 JavaThread "Eclipse Jetty Console" daemon [_thread_in_native, id=3388, stack(0x000000001b190000,0x000000001b290000)]
  0x000000001a40b800 JavaThread "AWT-Windows" daemon [_thread_in_native, id=8776, stack(0x000000001af30000,0x000000001b030000)]
  0x000000001a408800 JavaThread "Java2D Disposer" daemon [_thread_blocked, id=8844, stack(0x000000001ad30000,0x000000001ae30000)]
  0x0000000017ade000 JavaThread "Service Thread" daemon [_thread_blocked, id=2844, stack(0x0000000019e50000,0x0000000019f50000)]
  0x0000000017b09800 JavaThread "C1 CompilerThread2" daemon [_thread_blocked, id=12244, stack(0x0000000019d50000,0x0000000019e50000)]
  0x0000000017b04800 JavaThread "C2 CompilerThread1" daemon [_thread_blocked, id=6948, stack(0x0000000019c50000,0x0000000019d50000)]
  0x0000000017af4000 JavaThread "C2 CompilerThread0" daemon [_thread_blocked, id=11556, stack(0x0000000019750000,0x0000000019850000)]
  0x0000000017acb800 JavaThread "JDWP Command Reader" daemon [_thread_in_native, id=4580, stack(0x0000000019650000,0x0000000019750000)]
  0x0000000017ac8000 JavaThread "JDWP Event Helper Thread" daemon [_thread_blocked, id=5224, stack(0x0000000019550000,0x0000000019650000)]
  0x0000000017abd000 JavaThread "JDWP Transport Listener: dt_socket" daemon [_thread_blocked, id=10520, stack(0x0000000019450000,0x0000000019550000)]
  0x0000000017ab0000 JavaThread "Attach Listener" daemon [_thread_blocked, id=11188, stack(0x0000000019010000,0x0000000019110000)]
  0x0000000017aaf000 JavaThread "Signal Dispatcher" daemon [_thread_blocked, id=10212, stack(0x0000000018f10000,0x0000000019010000)]
  0x0000000017a98800 JavaThread "Finalizer" daemon [_thread_blocked, id=10572, stack(0x0000000018d30000,0x0000000018e30000)]
  0x0000000002fb3000 JavaThread "Reference Handler" daemon [_thread_blocked, id=6752, stack(0x0000000018c30000,0x0000000018d30000)]

Other Threads:
=>0x0000000017a77800 VMThread [stack: 0x0000000018b30000,0x0000000018c30000] [id=10340]
  0x00000000198ca000 WatcherThread [stack: 0x0000000019f50000,0x000000001a050000] [id=10272]

VM state:at safepoint (normal execution)

VM Mutex/Monitor currently owned by a thread:  ([mutex/lock_event])
[0x0000000002ec0150] Threads_lock - owner thread: 0x0000000017a77800

Heap:
 PSYoungGen      total 605696K, used 164941K [0x00000000d6000000, 0x00000000ffd80000, 0x0000000100000000)
  eden space 529920K, 28% used [0x00000000d6000000,0x00000000df5b3538,0x00000000f6580000)
  from space 75776K, 15% used [0x00000000fb380000,0x00000000fbee0040,0x00000000ffd80000)
  to   space 77824K, 0% used [0x00000000f6580000,0x00000000f6580000,0x00000000fb180000)
 ParOldGen       total 499200K, used 429609K [0x0000000082000000, 0x00000000a0780000, 0x00000000d6000000)
  object space 499200K, 86% used [0x0000000082000000,0x000000009c38a458,0x00000000a0780000)
 Metaspace       used 118658K, capacity 120642K, committed 120880K, reserved 1157120K
  class space    used 13450K, capacity 13795K, committed 13872K, reserved 1048576K

Card table byte_map: [0x0000000012380000,0x0000000012780000] byte_map_base: 0x0000000011f70000

Marking Bits: (ParMarkBitMap*) 0x000000007040a6c0
 Begin Bits: [0x0000000012e20000, 0x0000000014da0000)
 End Bits:   [0x0000000014da0000, 0x0000000016d20000)

Polling page: 0x0000000001600000

CodeCache: size=245760Kb used=86545Kb max_used=87089Kb free=159214Kb
 bounds [0x0000000002fc0000, 0x0000000008560000, 0x0000000011fc0000]
 total_blobs=19524 nmethods=18835 adapters=607
 compilation: enabled

Compilation events (10 events):
Event: 13481.688 Thread 0x0000000017b09800 24983       3       com.fasterxml.jackson.databind.introspect.POJOPropertyBuilder::findViews (16 bytes)
Event: 13481.689 Thread 0x0000000017b09800 nmethod 24983 0x0000000007becf90 code [0x0000000007bed120, 0x0000000007bed4c8]
Event: 13481.693 Thread 0x0000000017b09800 24984       3       java.net.Socket::getImpl (17 bytes)
Event: 13481.694 Thread 0x0000000017b09800 nmethod 24984 0x0000000007a0e010 code [0x0000000007a0e180, 0x0000000007a0e3e8]
Event: 13499.747 Thread 0x0000000017b09800 24985       3       java.util.concurrent.ConcurrentLinkedQueue::remove (102 bytes)
Event: 13499.755 Thread 0x0000000017b09800 nmethod 24985 0x00000000066e7f90 code [0x00000000066e8160, 0x00000000066e89f8]
Event: 13521.328 Thread 0x0000000017b09800 24986   !   3       org.springframework.core.annotation.AnnotationUtils::isInterfaceWithAnnotatedMethods (117 bytes)
Event: 13521.330 Thread 0x0000000017b09800 nmethod 24986 0x0000000005432dd0 code [0x0000000005433040, 0x0000000005434018]
Event: 13521.331 Thread 0x0000000017b09800 24987   !   3       org.springframework.util.ConcurrentReferenceHashMap$Segment::restructureIfNecessary (335 bytes)
Event: 13521.334 Thread 0x0000000017b09800 nmethod 24987 0x0000000007094b90 code [0x0000000007094fa0, 0x0000000007098238]

GC Heap History (10 events):
Event: 1931.184 GC heap before
{Heap before GC invocations=35 (full 7):
 PSYoungGen      total 584192K, used 529499K [0x00000000d6000000, 0x0000000100000000, 0x0000000100000000)
  eden space 495104K, 100% used [0x00000000d6000000,0x00000000f4380000,0x00000000f4380000)
  from space 89088K, 38% used [0x00000000f4380000,0x00000000f6516f80,0x00000000f9a80000)
  to   space 84480K, 0% used [0x00000000fad80000,0x00000000fad80000,0x0000000100000000)
 ParOldGen       total 499200K, used 363383K [0x0000000082000000, 0x00000000a0780000, 0x00000000d6000000)
  object space 499200K, 72% used [0x0000000082000000,0x00000000982dde78,0x00000000a0780000)
 Metaspace       used 112976K, capacity 114266K, committed 114480K, reserved 1150976K
  class space    used 13169K, capacity 13455K, committed 13616K, reserved 1048576K
Event: 1931.214 GC heap after
Heap after GC invocations=35 (full 7):
 PSYoungGen      total 591360K, used 20478K [0x00000000d6000000, 0x00000000ff880000, 0x0000000100000000)
  eden space 514560K, 0% used [0x00000000d6000000,0x00000000d6000000,0x00000000f5680000)
  from space 76800K, 26% used [0x00000000fad80000,0x00000000fc17fb70,0x00000000ff880000)
  to   space 82944K, 0% used [0x00000000f5680000,0x00000000f5680000,0x00000000fa780000)
 ParOldGen       total 499200K, used 396291K [0x0000000082000000, 0x00000000a0780000, 0x00000000d6000000)
  object space 499200K, 79% used [0x0000000082000000,0x000000009a300d00,0x00000000a0780000)
 Metaspace       used 112976K, capacity 114266K, committed 114480K, reserved 1150976K
  class space    used 13169K, capacity 13455K, committed 13616K, reserved 1048576K
}
Event: 3302.068 GC heap before
{Heap before GC invocations=36 (full 7):
 PSYoungGen      total 591360K, used 535038K [0x00000000d6000000, 0x00000000ff880000, 0x0000000100000000)
  eden space 514560K, 100% used [0x00000000d6000000,0x00000000f5680000,0x00000000f5680000)
  from space 76800K, 26% used [0x00000000fad80000,0x00000000fc17fb70,0x00000000ff880000)
  to   space 82944K, 0% used [0x00000000f5680000,0x00000000f5680000,0x00000000fa780000)
 ParOldGen       total 499200K, used 396291K [0x0000000082000000, 0x00000000a0780000, 0x00000000d6000000)
  object space 499200K, 79% used [0x0000000082000000,0x000000009a300d50,0x00000000a0780000)
 Metaspace       used 115009K, capacity 116372K, committed 116656K, reserved 1153024K
  class space    used 13319K, capacity 13604K, committed 13744K, reserved 1048576K
Event: 3302.290 GC heap after
Heap after GC invocations=36 (full 7):
 PSYoungGen      total 597504K, used 26425K [0x00000000d6000000, 0x0000000100000000, 0x0000000100000000)
  eden space 514560K, 0% used [0x00000000d6000000,0x00000000d6000000,0x00000000f5680000)
  from space 82944K, 31% used [0x00000000f5680000,0x00000000f704e7c8,0x00000000fa780000)
  to   space 79872K, 0% used [0x00000000fb200000,0x00000000fb200000,0x0000000100000000)
 ParOldGen       total 499200K, used 415698K [0x0000000082000000, 0x00000000a0780000, 0x00000000d6000000)
  object space 499200K, 83% used [0x0000000082000000,0x000000009b5f48f0,0x00000000a0780000)
 Metaspace       used 115009K, capacity 116372K, committed 116656K, reserved 1153024K
  class space    used 13319K, capacity 13604K, committed 13744K, reserved 1048576K
}
Event: 3817.082 GC heap before
{Heap before GC invocations=37 (full 7):
 PSYoungGen      total 597504K, used 540985K [0x00000000d6000000, 0x0000000100000000, 0x0000000100000000)
  eden space 514560K, 100% used [0x00000000d6000000,0x00000000f5680000,0x00000000f5680000)
  from space 82944K, 31% used [0x00000000f5680000,0x00000000f704e7c8,0x00000000fa780000)
  to   space 79872K, 0% used [0x00000000fb200000,0x00000000fb200000,0x0000000100000000)
 ParOldGen       total 499200K, used 415705K [0x0000000082000000, 0x00000000a0780000, 0x00000000d6000000)
  object space 499200K, 83% used [0x0000000082000000,0x000000009b5f6678,0x00000000a0780000)
 Metaspace       used 116736K, capacity 118520K, committed 118704K, reserved 1155072K
  class space    used 13407K, capacity 13709K, committed 13744K, reserved 1048576K
Event: 3817.216 GC heap after
Heap after GC invocations=37 (full 7):
 PSYoungGen      total 602112K, used 46623K [0x00000000d6000000, 0x00000000ffd00000, 0x0000000100000000)
  eden space 525312K, 0% used [0x00000000d6000000,0x00000000d6000000,0x00000000f6100000)
  from space 76800K, 60% used [0x00000000fb200000,0x00000000fdf87f58,0x00000000ffd00000)
  to   space 79872K, 0% used [0x00000000f6100000,0x00000000f6100000,0x00000000faf00000)
 ParOldGen       total 499200K, used 422847K [0x0000000082000000, 0x00000000a0780000, 0x00000000d6000000)
  object space 499200K, 84% used [0x0000000082000000,0x000000009bceff60,0x00000000a0780000)
 Metaspace       used 116736K, capacity 118520K, committed 118704K, reserved 1155072K
  class space    used 13407K, capacity 13709K, committed 13744K, reserved 1048576K
}
Event: 6901.183 GC heap before
{Heap before GC invocations=38 (full 7):
 PSYoungGen      total 602112K, used 571935K [0x00000000d6000000, 0x00000000ffd00000, 0x0000000100000000)
  eden space 525312K, 100% used [0x00000000d6000000,0x00000000f6100000,0x00000000f6100000)
  from space 76800K, 60% used [0x00000000fb200000,0x00000000fdf87f58,0x00000000ffd00000)
  to   space 79872K, 0% used [0x00000000f6100000,0x00000000f6100000,0x00000000faf00000)
 ParOldGen       total 499200K, used 422847K [0x0000000082000000, 0x00000000a0780000, 0x00000000d6000000)
  object space 499200K, 84% used [0x0000000082000000,0x000000009bceff60,0x00000000a0780000)
 Metaspace       used 117977K, capacity 119970K, committed 120112K, reserved 1155072K
  class space    used 13447K, capacity 13763K, committed 13872K, reserved 1048576K
Event: 6901.373 GC heap after
Heap after GC invocations=38 (full 7):
 PSYoungGen      total 605184K, used 19551K [0x00000000d6000000, 0x0000000100000000, 0x0000000100000000)
  eden space 525312K, 0% used [0x00000000d6000000,0x00000000d6000000,0x00000000f6100000)
  from space 79872K, 24% used [0x00000000f6100000,0x00000000f7417ce0,0x00000000faf00000)
  to   space 78336K, 0% used [0x00000000fb380000,0x00000000fb380000,0x0000000100000000)
 ParOldGen       total 499200K, used 429601K [0x0000000082000000, 0x00000000a0780000, 0x00000000d6000000)
  object space 499200K, 86% used [0x0000000082000000,0x000000009c388458,0x00000000a0780000)
 Metaspace       used 117977K, capacity 119970K, committed 120112K, reserved 1155072K
  class space    used 13447K, capacity 13763K, committed 13872K, reserved 1048576K
}
Event: 12121.238 GC heap before
{Heap before GC invocations=39 (full 7):
 PSYoungGen      total 605184K, used 544863K [0x00000000d6000000, 0x0000000100000000, 0x0000000100000000)
  eden space 525312K, 100% used [0x00000000d6000000,0x00000000f6100000,0x00000000f6100000)
  from space 79872K, 24% used [0x00000000f6100000,0x00000000f7417ce0,0x00000000faf00000)
  to   space 78336K, 0% used [0x00000000fb380000,0x00000000fb380000,0x0000000100000000)
 ParOldGen       total 499200K, used 429601K [0x0000000082000000, 0x00000000a0780000, 0x00000000d6000000)
  object space 499200K, 86% used [0x0000000082000000,0x000000009c388458,0x00000000a0780000)
 Metaspace       used 118133K, capacity 120130K, committed 120368K, reserved 1155072K
  class space    used 13449K, capacity 13795K, committed 13872K, reserved 1048576K
Event: 12121.420 GC heap after
Heap after GC invocations=39 (full 7):
 PSYoungGen      total 605696K, used 11648K [0x00000000d6000000, 0x00000000ffd80000, 0x0000000100000000)
  eden space 529920K, 0% used [0x00000000d6000000,0x00000000d6000000,0x00000000f6580000)
  from space 75776K, 15% used [0x00000000fb380000,0x00000000fbee0040,0x00000000ffd80000)
  to   space 77824K, 0% used [0x00000000f6580000,0x00000000f6580000,0x00000000fb180000)
 ParOldGen       total 499200K, used 429609K [0x0000000082000000, 0x00000000a0780000, 0x00000000d6000000)
  object space 499200K, 86% used [0x0000000082000000,0x000000009c38a458,0x00000000a0780000)
 Metaspace       used 118133K, capacity 120130K, committed 120368K, reserved 1155072K
  class space    used 13449K, capacity 13795K, committed 13872K, reserved 1048576K
}

Deoptimization events (10 events):
Event: 13511.673 Thread 0x000000001fffb800 Uncommon trap: reason=null_check action=none pc=0x000000000694dbe4 method=org.springframework.core.annotation.AnnotationUtils.getValue(Ljava/lang/annotation/Annotation;Ljava/lang/String;)Ljava/lang/Object; @ 1
Event: 13511.675 Thread 0x000000001fffb800 Uncommon trap: reason=null_check action=none pc=0x000000000694dbe4 method=org.springframework.core.annotation.AnnotationUtils.getValue(Ljava/lang/annotation/Annotation;Ljava/lang/String;)Ljava/lang/Object; @ 1
Event: 13512.570 Thread 0x000000001fff7000 Uncommon trap: reason=null_check action=none pc=0x000000000694dbe4 method=org.springframework.core.annotation.AnnotationUtils.getValue(Ljava/lang/annotation/Annotation;Ljava/lang/String;)Ljava/lang/Object; @ 1
Event: 13512.572 Thread 0x000000001fff7000 Uncommon trap: reason=null_check action=none pc=0x000000000694dbe4 method=org.springframework.core.annotation.AnnotationUtils.getValue(Ljava/lang/annotation/Annotation;Ljava/lang/String;)Ljava/lang/Object; @ 1
Event: 13520.571 Thread 0x000000001fff7000 Uncommon trap: reason=null_check action=none pc=0x000000000694dbe4 method=org.springframework.core.annotation.AnnotationUtils.getValue(Ljava/lang/annotation/Annotation;Ljava/lang/String;)Ljava/lang/Object; @ 1
Event: 13520.574 Thread 0x000000001fff7000 Uncommon trap: reason=null_check action=none pc=0x000000000694dbe4 method=org.springframework.core.annotation.AnnotationUtils.getValue(Ljava/lang/annotation/Annotation;Ljava/lang/String;)Ljava/lang/Object; @ 1
Event: 13521.320 Thread 0x0000000021a7d000 Uncommon trap: reason=unstable_if action=reinterpret pc=0x000000000828e644 method=org.eclipse.jetty.util.StringMap.getBestEntry([BII)Ljava/util/Map$Entry; @ 149
Event: 13521.327 Thread 0x0000000021a7d000 Uncommon trap: reason=unstable_if action=reinterpret pc=0x000000000453d164 method=java.lang.Class.annotationData()Ljava/lang/Class$AnnotationData; @ 19
Event: 13521.327 Thread 0x0000000021a7d000 Uncommon trap: reason=unstable_if action=reinterpret pc=0x0000000004507a4c method=java.lang.Class.reflectionData()Ljava/lang/Class$ReflectionData; @ 37
Event: 13521.329 Thread 0x0000000021a7d000 Uncommon trap: reason=unstable_if action=reinterpret pc=0x000000000658fbbc method=org.springframework.util.ConcurrentReferenceHashMap$Segment.restructureIfNecessary(Z)V @ 33

Internal exceptions (10 events):
Event: 9110.569 Thread 0x000000001fff7000 Implicit null exception at 0x00000000068a0e02 to 0x00000000068a118f
Event: 9110.569 Thread 0x000000001fff7000 Exception <a 'java/lang/NullPointerException'> (0x00000000e3c00898) thrown at [C:\re\workspace\8-2-build-windows-amd64-cygwin\jdk8u111\7883\hotspot\src\share\vm\runtime\sharedRuntime.cpp, line 605]
Event: 9110.569 Thread 0x000000001fff7000 Implicit null exception at 0x00000000068a0e02 to 0x00000000068a118f
Event: 9110.570 Thread 0x000000001fff7000 Exception <a 'java/lang/NullPointerException'> (0x00000000e3c092f0) thrown at [C:\re\workspace\8-2-build-windows-amd64-cygwin\jdk8u111\7883\hotspot\src\share\vm\runtime\sharedRuntime.cpp, line 605]
Event: 9111.665 Thread 0x000000001fffb800 Implicit null exception at 0x00000000068a0e02 to 0x00000000068a118f
Event: 9111.665 Thread 0x000000001fffb800 Exception <a 'java/lang/NullPointerException'> (0x00000000e38a2a80) thrown at [C:\re\workspace\8-2-build-windows-amd64-cygwin\jdk8u111\7883\hotspot\src\share\vm\runtime\sharedRuntime.cpp, line 605]
Event: 9111.666 Thread 0x000000001fffb800 Implicit null exception at 0x00000000068a0e02 to 0x00000000068a118f
Event: 9111.666 Thread 0x000000001fffb800 Exception <a 'java/lang/NullPointerException'> (0x00000000e38ab4d8) thrown at [C:\re\workspace\8-2-build-windows-amd64-cygwin\jdk8u111\7883\hotspot\src\share\vm\runtime\sharedRuntime.cpp, line 605]
Event: 9119.665 Thread 0x000000001fffb800 Implicit null exception at 0x00000000068a0e02 to 0x00000000068a118f
Event: 9119.665 Thread 0x000000001fffb800 Exception <a 'java/lang/NullPointerException'> (0x00000000e38b6258) thrown at [C:\re\workspace\8-2-build-windows-amd64-cygwin\jdk8u111\7883\hotspot\src\share\vm\runtime\sharedRuntime.cpp, line 605]

Events (10 events):
Event: 13521.327 Thread 0x0000000021a7d000 Uncommon trap: trap_request=0xffffff65 fr.pc=0x000000000453d164
Event: 13521.327 Thread 0x0000000021a7d000 DEOPT PACKING pc=0x000000000453d164 sp=0x000000000147ae30
Event: 13521.327 Thread 0x0000000021a7d000 DEOPT UNPACKING pc=0x000000000300582a sp=0x000000000147ad98 mode 2
Event: 13521.327 Thread 0x0000000021a7d000 Uncommon trap: trap_request=0xffffff65 fr.pc=0x0000000004507a4c
Event: 13521.327 Thread 0x0000000021a7d000 DEOPT PACKING pc=0x0000000004507a4c sp=0x000000000147aea0
Event: 13521.327 Thread 0x0000000021a7d000 DEOPT UNPACKING pc=0x000000000300582a sp=0x000000000147ae08 mode 2
Event: 13521.329 Thread 0x0000000021a7d000 Uncommon trap: trap_request=0xffffff65 fr.pc=0x000000000658fbbc
Event: 13521.329 Thread 0x0000000021a7d000 DEOPT PACKING pc=0x000000000658fbbc sp=0x000000000147ac40
Event: 13521.329 Thread 0x0000000021a7d000 DEOPT UNPACKING pc=0x000000000300582a sp=0x000000000147ac08 mode 2
Event: 13521.447 Executing VM operation: GetOrSetLocal


Dynamic libraries:
0x00007ff7b1100000 - 0x00007ff7b1137000 	C:\Program Files\Java\jdk1.8.0_111\bin\javaw.exe
0x00007ffcfce50000 - 0x00007ffcfd012000 	C:\Windows\SYSTEM32\ntdll.dll
0x00007ffcfb600000 - 0x00007ffcfb6ad000 	C:\Windows\system32\KERNEL32.DLL
0x00007ffcfa170000 - 0x00007ffcfa34d000 	C:\Windows\system32\KERNELBASE.dll
0x00007ffcfa710000 - 0x00007ffcfa7b6000 	C:\Windows\system32\ADVAPI32.dll
0x00007ffcfad20000 - 0x00007ffcfadbd000 	C:\Windows\system32\msvcrt.dll
0x00007ffcfcde0000 - 0x00007ffcfce3b000 	C:\Windows\system32\sechost.dll
0x00007ffcfa510000 - 0x00007ffcfa636000 	C:\Windows\system32\RPCRT4.dll
0x00007ffcfb040000 - 0x00007ffcfb18e000 	C:\Windows\system32\USER32.dll
0x00007ffcfa880000 - 0x00007ffcfaa05000 	C:\Windows\system32\GDI32.dll
0x00007ffceac70000 - 0x00007ffceaee4000 	C:\Windows\WinSxS\amd64_microsoft.windows.common-controls_6595b64144ccf1df_6.0.10240.17184_none_f41d7a705752bce6\COMCTL32.dll
0x00007ffcfa7c0000 - 0x00007ffcfa7f6000 	C:\Windows\system32\IMM32.DLL
0x00007ffcfabc0000 - 0x00007ffcfad1c000 	C:\Windows\system32\MSCTF.dll
0x0000000070490000 - 0x0000000070562000 	C:\Program Files\Java\jdk1.8.0_111\jre\bin\msvcr100.dll
0x000000006fbf0000 - 0x000000007048a000 	C:\Program Files\Java\jdk1.8.0_111\jre\bin\server\jvm.dll
0x00007ffcfa800000 - 0x00007ffcfa808000 	C:\Windows\system32\PSAPI.DLL
0x00007ffcf3950000 - 0x00007ffcf3959000 	C:\Windows\SYSTEM32\WSOCK32.dll
0x00007ffcf47a0000 - 0x00007ffcf47c3000 	C:\Windows\SYSTEM32\WINMM.dll
0x00007ffcf7fd0000 - 0x00007ffcf7fda000 	C:\Windows\SYSTEM32\VERSION.dll
0x00007ffcfb190000 - 0x00007ffcfb1f9000 	C:\Windows\system32\WS2_32.dll
0x00007ffcfa810000 - 0x00007ffcfa818000 	C:\Windows\system32\NSI.dll
0x00000000015b0000 - 0x00000000015dc000 	C:\Windows\SYSTEM32\WINMMBASE.dll
0x00007ffcfa350000 - 0x00007ffcfa394000 	C:\Windows\system32\cfgmgr32.dll
0x00007ffcf95b0000 - 0x00007ffcf95d7000 	C:\Windows\SYSTEM32\DEVOBJ.dll
0x000000006fbe0000 - 0x000000006fbef000 	C:\Program Files\Java\jdk1.8.0_111\jre\bin\verify.dll
0x000000006fbb0000 - 0x000000006fbd9000 	C:\Program Files\Java\jdk1.8.0_111\jre\bin\java.dll
0x000000006f920000 - 0x000000006f955000 	C:\Program Files\Java\jdk1.8.0_111\jre\bin\jdwp.dll
0x000000006f910000 - 0x000000006f918000 	C:\Program Files\Java\jdk1.8.0_111\jre\bin\npt.dll
0x000000006fb90000 - 0x000000006fba6000 	C:\Program Files\Java\jdk1.8.0_111\jre\bin\zip.dll
0x00007ffcfb840000 - 0x00007ffcfcd63000 	C:\Windows\system32\SHELL32.dll
0x00007ffcf9b40000 - 0x00007ffcfa169000 	C:\Windows\system32\windows.storage.dll
0x00007ffcfadc0000 - 0x00007ffcfb03c000 	C:\Windows\system32\combase.dll
0x00007ffcfa820000 - 0x00007ffcfa871000 	C:\Windows\system32\shlwapi.dll
0x00007ffcf9900000 - 0x00007ffcf990f000 	C:\Windows\system32\kernel.appcore.dll
0x00007ffcfa450000 - 0x00007ffcfa503000 	C:\Windows\system32\shcore.dll
0x00007ffcf9890000 - 0x00007ffcf98da000 	C:\Windows\system32\powrprof.dll
0x00007ffcf9870000 - 0x00007ffcf9883000 	C:\Windows\system32\profapi.dll
0x000000006f900000 - 0x000000006f909000 	C:\Program Files\Java\jdk1.8.0_111\jre\bin\dt_socket.dll
0x00007ffce03f0000 - 0x00007ffce0405000 	C:\Windows\system32\napinsp.dll
0x00007ffce0410000 - 0x00007ffce042a000 	C:\Windows\system32\pnrpnsp.dll
0x00007ffcf4020000 - 0x00007ffcf4038000 	C:\Windows\system32\NLAapi.dll
0x00007ffcf8d90000 - 0x00007ffcf8ded000 	C:\Windows\System32\mswsock.dll
0x00007ffcf8b30000 - 0x00007ffcf8bd8000 	C:\Windows\SYSTEM32\DNSAPI.dll
0x00007ffceb430000 - 0x00007ffceb43d000 	C:\Windows\System32\winrnr.dll
0x00007ffceb1c0000 - 0x00007ffceb1d5000 	C:\Windows\system32\wshbth.dll
0x00007ffcf1ad0000 - 0x00007ffcf1b38000 	C:\Windows\System32\fwpuclnt.dll
0x00007ffcf97a0000 - 0x00007ffcf97c8000 	C:\Windows\SYSTEM32\bcrypt.dll
0x00007ffcee180000 - 0x00007ffcee18a000 	C:\Windows\System32\rasadhlp.dll
0x000000006fb80000 - 0x000000006fb8d000 	C:\Program Files\Java\jdk1.8.0_111\jre\bin\management.dll
0x000000006fb60000 - 0x000000006fb7a000 	C:\Program Files\Java\jdk1.8.0_111\jre\bin\net.dll
0x000000006fb40000 - 0x000000006fb51000 	C:\Program Files\Java\jdk1.8.0_111\jre\bin\nio.dll
0x000000006f960000 - 0x000000006faf8000 	C:\Program Files\Java\jdk1.8.0_111\jre\bin\awt.dll
0x00007ffcfa640000 - 0x00007ffcfa702000 	C:\Windows\system32\OLEAUT32.dll
0x00007ffcf7940000 - 0x00007ffcf79b8000 	C:\Windows\system32\apphelp.dll
0x00007ffcf8480000 - 0x00007ffcf8516000 	C:\Windows\system32\uxtheme.dll
0x00007ffcf73f0000 - 0x00007ffcf7412000 	C:\Windows\system32\dwmapi.dll
0x00007ffcfb200000 - 0x00007ffcfb341000 	C:\Windows\system32\ole32.dll
0x00007ffcf9620000 - 0x00007ffcf968b000 	C:\Windows\SYSTEM32\bcryptPrimitives.dll
0x00007ffcf41b0000 - 0x00007ffcf41e8000 	C:\Windows\SYSTEM32\IPHLPAPI.DLL
0x00007ffcf4190000 - 0x00007ffcf419b000 	C:\Windows\SYSTEM32\WINNSI.DLL
0x00007ffcf8df0000 - 0x00007ffcf8e07000 	C:\Windows\SYSTEM32\CRYPTSP.dll
0x00007ffcf8a40000 - 0x00007ffcf8a73000 	C:\Windows\system32\rsaenh.dll
0x00007ffcf8be0000 - 0x00007ffcf8bff000 	C:\Windows\SYSTEM32\USERENV.dll
0x00007ffcf8f60000 - 0x00007ffcf8f6b000 	C:\Windows\SYSTEM32\CRYPTBASE.dll
0x00007ffcf3250000 - 0x00007ffcf3266000 	C:\Windows\SYSTEM32\dhcpcsvc6.DLL
0x00007ffcf3580000 - 0x00007ffcf359a000 	C:\Windows\SYSTEM32\dhcpcsvc.DLL

VM Arguments:
jvm_args: -agentlib:jdwp=transport=dt_socket,suspend=y,address=localhost:64563 -Djetty.launcher.configuration=C:\Users\acer\AppData\Local\Temp\eclipseJettyPlugin.config.tmk_mbank.xml -Dfile.encoding=UTF-8 
java_command: net.sourceforge.eclipsejetty.starter.embedded.JettyEmbeddedLauncherMain
java_class_path (initial): E:/soft/eclipse-jee-neon-2-win32-x86_64/eclipse/configuration/org.eclipse.osgi/965/0/.cp/lib/eclipse-jetty-starters-common.jar;E:/soft/eclipse-jee-neon-2-win32-x86_64/eclipse/configuration/org.eclipse.osgi/965/0/.cp/lib/eclipse-jetty-starters-util.jar;E:/soft/eclipse-jee-neon-2-win32-x86_64/eclipse/configuration/org.eclipse.osgi/965/0/.cp/lib/eclipse-jetty-starters-console.jar;E:/soft/eclipse-jee-neon-2-win32-x86_64/eclipse/configuration/org.eclipse.osgi/965/0/.cp/lib/eclipse-jetty-starters-embedded.jar;E:/soft/eclipse-jee-neon-2-win32-x86_64/eclipse/configuration/org.eclipse.osgi/965/0/.cp/lib/jetty/javax.servlet.jar;E:/soft/eclipse-jee-neon-2-win32-x86_64/eclipse/configuration/org.eclipse.osgi/965/0/.cp/lib/jetty/jetty-server.jar;E:/soft/eclipse-jee-neon-2-win32-x86_64/eclipse/configuration/org.eclipse.osgi/965/0/.cp/lib/jetty/jetty-continuation.jar;E:/soft/eclipse-jee-neon-2-win32-x86_64/eclipse/configuration/org.eclipse.osgi/965/0/.cp/lib/jetty/jetty-http.jar;E:/soft/eclipse-jee-neon-2-win32-x86_64/eclipse/configuration/org.eclipse.osgi/965/0/.cp/lib/jetty/jetty-io.jar;E:/soft/eclipse-jee-neon-2-win32-x86_64/eclipse/configuration/org.eclipse.osgi/965/0/.cp/lib/jetty/jetty-util.jar;E:/soft/eclipse-jee-neon-2-win32-x86_64/eclipse/configuration/org.eclipse.osgi/965/0/.cp/lib/jetty/jetty-security.jar;E:/soft/eclipse-jee-neon-2-win32-x86_64/eclipse/configuration/org.eclipse.osgi/965/0/.cp/lib/jetty/jetty-servlet.jar;E:/soft/eclipse-jee-neon-2-win32-x86_64/eclipse/configuration/org.eclipse.osgi/965/0/.cp/lib/jetty/jetty-webapp.jar;E:/soft/eclipse-jee-neon-2-win32-x86_64/eclipse/configuration/org.eclipse.osgi/965/0/.cp/lib/jetty/jetty-xml.jar;E:/soft/eclipse-jee-neon-2-win32-x86_64/eclipse/configuration/org.eclipse.osgi/965/0/.cp/lib/jetty/jetty-jsp.jar;E:/soft/eclipse-jee-neon-2-win32-x86_64/eclipse/configuration/org.eclipse.osgi/965/0/.cp/lib/jetty/javax.servlet.jsp.jar;E:/soft/eclipse-jee-neon-2-win32-x86_64/eclipse/configuration/org.ecl
Launcher Type: SUN_STANDARD

Environment Variables:
JAVA_HOME=C:\Program Files\Java\jdk1.8.0_111
PATH=C:\Program Files\Java\jdk1.8.0_111\jre\bin;C:/Program Files/Java/jre1.8.0_131/bin/server;C:/Program Files/Java/jre1.8.0_131/bin;C:/Program Files/Java/jre1.8.0_131/lib/amd64;C:\ProgramData\Oracle\Java\javapath;C:\Program Files (x86)\Intel\iCLS Client\;C:\Program Files\Intel\iCLS Client\;C:\Windows\system32;C:\Windows;C:\Windows\System32\Wbem;C:\Windows\System32\WindowsPowerShell\v1.0\;C:\Program Files (x86)\NVIDIA Corporation\PhysX\Common;C:\Program Files (x86)\Intel\Intel(R) Management Engine Components\DAL;C:\Program Files\Intel\Intel(R) Management Engine Components\DAL;C:\Program Files (x86)\Intel\Intel(R) Management Engine Components\IPT;C:\Program Files\Intel\Intel(R) Management Engine Components\IPT;C:\Program Files\PuTTY\;C:\Program Files\Microsoft SQL Server\Client SDK\ODBC\130\Tools\Binn\;C:\Program Files (x86)\Microsoft SQL Server\130\Tools\Binn\;C:\Program Files\Microsoft SQL Server\130\Tools\Binn\;C:\Program Files\Microsoft SQL Server\130\DTS\Binn\;C:\Program Files (x86)\Microsoft SQL Server\Client SDK\ODBC\130\Tools\Binn\;C:\Program Files (x86)\Microsoft SQL Server\140\Tools\Binn\;C:\Program Files (x86)\Microsoft SQL Server\140\DTS\Binn\;C:\Program Files (x86)\Microsoft SQL Server\140\Tools\Binn\ManagementStudio\;C:\Program Files (x86)\Bitvise SSH Client;C:\Program Files\Java\jdk1.8.0_111\bin;C:\Users\acer\AppData\Local\atom\bin;E:\soft\eclipse-jee-neon-2-win32-x86_64\eclipse;
USERNAME=acer
OS=Windows_NT
PROCESSOR_IDENTIFIER=Intel64 Family 6 Model 142 Stepping 9, GenuineIntel



---------------  S Y S T E M  ---------------

OS: Windows 10.0 , 64 bit Build 10240 (10.0.10240.17113)

CPU:total 4 (2 cores per cpu, 2 threads per core) family 6 model 142 stepping 9, cmov, cx8, fxsr, mmx, sse, sse2, sse3, ssse3, sse4.1, sse4.2, popcnt, avx, avx2, aes, clmul, erms, 3dnowpref, lzcnt, ht, tsc, tscinvbit, bmi1, bmi2, adx

Memory: 4k page, physical 8253668k(1883356k free), swap 15331556k(5006948k free)

vm_info: Java HotSpot(TM) 64-Bit Server VM (25.111-b14) for windows-amd64 JRE (1.8.0_111-b14), built on Sep 22 2016 19:24:05 by "java_re" with MS VC++ 10.0 (VS2010)

time: Tue Dec 12 15:15:50 2017
elapsed time: 13521 seconds (0d 3h 45m 21s)

